<?xml version="1.0" encoding="UTF-8"?>
<!-- Generated by org.testng.reporters.JUnitReportReporter -->
<testsuite hostname="SSRamakrishna" failures="0" tests="1" name="testScript.CustomerModule" time="29.375" errors="0" timestamp="2022-09-03T20:05:32 IST" skipped="0">
  <testcase classname="testScript.CustomerModule" name="createCX" time="29.375"/>
  <system-out>
    <![CDATA[CreateCX]]>
  </system-out>
</testsuite> <!-- testScript.CustomerModule -->
