<?xml version="1.0" encoding="UTF-8"?>
<!-- Generated by org.testng.reporters.JUnitReportReporter -->
<testsuite hostname="SSRamakrishna" failures="0" tests="2" name="seleNIum.DataP" time="0.041" errors="0" timestamp="2023-01-30T17:32:47 IST" skipped="0">
  <testcase classname="seleNIum.DataP" name="loginTest" time="0.020"/>
  <system-out/>
  <testcase classname="seleNIum.DataP" name="loginTest" time="0.021"/>
  <system-out/>
</testsuite> <!-- seleNIum.DataP -->
