<?xml version="1.0" encoding="UTF-8"?>
<!-- Generated by org.testng.reporters.JUnitReportReporter -->
<testsuite hostname="SSRamakrishna" failures="0" tests="1" name="_1testScript.Review" time="0.023" errors="0" timestamp="2023-01-31T14:54:33 IST" skipped="0">
  <testcase classname="_1testScript.Review" name="raj" time="0.023"/>
  <system-out/>
</testsuite> <!-- _1testScript.Review -->
