<?xml version="1.0" encoding="UTF-8"?>
<!-- Generated by org.testng.reporters.JUnitReportReporter -->
<testsuite hostname="SSRamakrishna" failures="0" tests="1" name="_2generic.BaseClass" time="0.025" errors="0" timestamp="2023-01-30T12:18:43 IST" skipped="0">
  <testcase classname="_2generic.BaseClass" name="test" time="0.025"/>
  <system-out/>
</testsuite> <!-- _2generic.BaseClass -->
