<?xml version="1.0" encoding="UTF-8"?>
<!-- Generated by org.testng.reporters.JUnitReportReporter -->
<testsuite hostname="SSRamakrishna" failures="0" tests="1" name="_1testScript.ChromeOp" time="17.459" errors="0" timestamp="2023-01-30T13:33:53 IST" skipped="0">
  <testcase classname="_1testScript.ChromeOp" name="chromeOption" time="17.459"/>
  <system-out/>
</testsuite> <!-- _1testScript.ChromeOp -->
